<?xml version="1.0" encoding="UTF-8"?>
<!-- Generated by org.testng.reporters.JUnitXMLReporter -->
<testsuite ignored="0" hostname="DESKTOP-E42SMQE" failures="0" tests="3" name="Default test" time="48.72" errors="0" timestamp="2021-12-02T09:23:36 IST">
  <testcase classname="com.qa.opencart.test.RegistrationPageTest" name="registrationTest" time="8.848"/>
  <testcase classname="com.qa.opencart.test.RegistrationPageTest" name="registrationTest" time="8.328"/>
  <testcase classname="com.qa.opencart.test.RegistrationPageTest" name="registrationTest" time="8.082"/>
</testsuite> <!-- Default test -->
