<?xml version="1.0" encoding="UTF-8"?>
<testng-results ignored="0" total="10" passed="10" failed="0" skipped="0">
  <reporter-output>
  </reporter-output>
  <suite started-at="2021-12-03T09:09:50 IST" name="RegressionTestSuite" finished-at="2021-12-03T09:11:18 IST" duration-ms="88063">
    <groups>
    </groups>
    <test started-at="2021-12-03T09:09:50 IST" name="HomePage" finished-at="2021-12-03T09:10:53 IST" duration-ms="63348">
      <class name="com.qa.opencart.test.HomePageTest">
        <test-method is-config="true" signature="setup()[pri:0, instance:com.qa.opencart.test.HomePageTest@769a1df5]" started-at="2021-12-03T09:09:50 IST" name="setup" finished-at="2021-12-03T09:10:11 IST" duration-ms="21247" status="PASS">
          <reporter-output>
          </reporter-output>
        </test-method> <!-- setup -->
        <test-method signature="verifyIsSearchBoxExistTest()[pri:0, instance:com.qa.opencart.test.HomePageTest@769a1df5]" started-at="2021-12-03T09:10:11 IST" name="verifyIsSearchBoxExistTest" finished-at="2021-12-03T09:10:11 IST" duration-ms="477" status="PASS">
          <reporter-output>
          </reporter-output>
        </test-method> <!-- verifyIsSearchBoxExistTest -->
        <test-method is-config="true" signature="tearDown()[pri:0, instance:com.qa.opencart.test.HomePageTest@769a1df5]" started-at="2021-12-03T09:10:11 IST" name="tearDown" finished-at="2021-12-03T09:10:15 IST" duration-ms="4052" status="PASS">
          <reporter-output>
          </reporter-output>
        </test-method> <!-- tearDown -->
        <test-method is-config="true" signature="setup()[pri:0, instance:com.qa.opencart.test.HomePageTest@769a1df5]" started-at="2021-12-03T09:10:15 IST" name="setup" finished-at="2021-12-03T09:10:34 IST" duration-ms="18263" status="PASS">
          <reporter-output>
          </reporter-output>
        </test-method> <!-- setup -->
        <test-method signature="verifyIsSearchBtnExistTest()[pri:0, instance:com.qa.opencart.test.HomePageTest@769a1df5]" started-at="2021-12-03T09:10:34 IST" name="verifyIsSearchBtnExistTest" finished-at="2021-12-03T09:10:34 IST" duration-ms="96" status="PASS">
          <reporter-output>
          </reporter-output>
        </test-method> <!-- verifyIsSearchBtnExistTest -->
        <test-method is-config="true" signature="tearDown()[pri:0, instance:com.qa.opencart.test.HomePageTest@769a1df5]" started-at="2021-12-03T09:10:34 IST" name="tearDown" finished-at="2021-12-03T09:10:36 IST" duration-ms="1896" status="PASS">
          <reporter-output>
          </reporter-output>
        </test-method> <!-- tearDown -->
        <test-method is-config="true" signature="setup()[pri:0, instance:com.qa.opencart.test.HomePageTest@769a1df5]" started-at="2021-12-03T09:10:36 IST" name="setup" finished-at="2021-12-03T09:10:51 IST" duration-ms="15107" status="PASS">
          <reporter-output>
          </reporter-output>
        </test-method> <!-- setup -->
        <test-method signature="verifyPageTitleTest()[pri:0, instance:com.qa.opencart.test.HomePageTest@769a1df5]" started-at="2021-12-03T09:10:51 IST" name="verifyPageTitleTest" finished-at="2021-12-03T09:10:51 IST" duration-ms="20" status="PASS">
          <reporter-output>
          </reporter-output>
        </test-method> <!-- verifyPageTitleTest -->
        <test-method is-config="true" signature="tearDown()[pri:0, instance:com.qa.opencart.test.HomePageTest@769a1df5]" started-at="2021-12-03T09:10:51 IST" name="tearDown" finished-at="2021-12-03T09:10:53 IST" duration-ms="2038" status="PASS">
          <reporter-output>
          </reporter-output>
        </test-method> <!-- tearDown -->
      </class> <!-- com.qa.opencart.test.HomePageTest -->
    </test> <!-- HomePage -->
    <test started-at="2021-12-03T09:09:50 IST" name="MyAccountTest" finished-at="2021-12-03T09:11:13 IST" duration-ms="83861">
      <class name="com.qa.opencart.test.MyAccountTest">
        <test-method is-config="true" signature="setup()[pri:0, instance:com.qa.opencart.test.MyAccountTest@6950ed69]" started-at="2021-12-03T09:09:50 IST" name="setup" finished-at="2021-12-03T09:10:12 IST" duration-ms="22404" status="PASS">
          <reporter-output>
          </reporter-output>
        </test-method> <!-- setup -->
        <test-method signature="verifyMyAccountPageHeader()[pri:0, instance:com.qa.opencart.test.MyAccountTest@6950ed69]" started-at="2021-12-03T09:10:12 IST" name="verifyMyAccountPageHeader" finished-at="2021-12-03T09:10:19 IST" duration-ms="6652" status="PASS">
          <reporter-output>
          </reporter-output>
        </test-method> <!-- verifyMyAccountPageHeader -->
        <test-method is-config="true" signature="tearDown()[pri:0, instance:com.qa.opencart.test.MyAccountTest@6950ed69]" started-at="2021-12-03T09:10:19 IST" name="tearDown" finished-at="2021-12-03T09:10:20 IST" duration-ms="1602" status="PASS">
          <reporter-output>
          </reporter-output>
        </test-method> <!-- tearDown -->
        <test-method is-config="true" signature="setup()[pri:0, instance:com.qa.opencart.test.MyAccountTest@6950ed69]" started-at="2021-12-03T09:10:20 IST" name="setup" finished-at="2021-12-03T09:10:38 IST" duration-ms="18086" status="PASS">
          <reporter-output>
          </reporter-output>
        </test-method> <!-- setup -->
        <test-method signature="verifyMyordersSection()[pri:0, instance:com.qa.opencart.test.MyAccountTest@6950ed69]" started-at="2021-12-03T09:10:38 IST" name="verifyMyordersSection" finished-at="2021-12-03T09:10:46 IST" duration-ms="7838" status="PASS">
          <reporter-output>
          </reporter-output>
        </test-method> <!-- verifyMyordersSection -->
        <test-method is-config="true" signature="tearDown()[pri:0, instance:com.qa.opencart.test.MyAccountTest@6950ed69]" started-at="2021-12-03T09:10:46 IST" name="tearDown" finished-at="2021-12-03T09:10:48 IST" duration-ms="1746" status="PASS">
          <reporter-output>
          </reporter-output>
        </test-method> <!-- tearDown -->
        <test-method is-config="true" signature="setup()[pri:0, instance:com.qa.opencart.test.MyAccountTest@6950ed69]" started-at="2021-12-03T09:10:48 IST" name="setup" finished-at="2021-12-03T09:11:05 IST" duration-ms="17235" status="PASS">
          <reporter-output>
          </reporter-output>
        </test-method> <!-- setup -->
        <test-method signature="verifyPageTitleTest()[pri:0, instance:com.qa.opencart.test.MyAccountTest@6950ed69]" started-at="2021-12-03T09:11:05 IST" name="verifyPageTitleTest" finished-at="2021-12-03T09:11:11 IST" duration-ms="5593" status="PASS">
          <reporter-output>
          </reporter-output>
        </test-method> <!-- verifyPageTitleTest -->
        <test-method is-config="true" signature="tearDown()[pri:0, instance:com.qa.opencart.test.MyAccountTest@6950ed69]" started-at="2021-12-03T09:11:11 IST" name="tearDown" finished-at="2021-12-03T09:11:13 IST" duration-ms="2638" status="PASS">
          <reporter-output>
          </reporter-output>
        </test-method> <!-- tearDown -->
      </class> <!-- com.qa.opencart.test.MyAccountTest -->
    </test> <!-- MyAccountTest -->
    <test started-at="2021-12-03T09:09:50 IST" name="LoginPage" finished-at="2021-12-03T09:11:18 IST" duration-ms="88063">
      <class name="com.qa.opencart.test.LoginTest">
        <test-method is-config="true" signature="setup()[pri:0, instance:com.qa.opencart.test.LoginTest@93081b6]" started-at="2021-12-03T09:09:50 IST" name="setup" finished-at="2021-12-03T09:10:14 IST" duration-ms="24757" status="PASS">
          <reporter-output>
          </reporter-output>
        </test-method> <!-- setup -->
        <test-method signature="loginWithValidCredentials()[pri:0, instance:com.qa.opencart.test.LoginTest@93081b6]" started-at="2021-12-03T09:10:14 IST" name="loginWithValidCredentials" finished-at="2021-12-03T09:10:21 IST" duration-ms="7000" status="PASS">
          <reporter-output>
          </reporter-output>
        </test-method> <!-- loginWithValidCredentials -->
        <test-method is-config="true" signature="tearDown()[pri:0, instance:com.qa.opencart.test.LoginTest@93081b6]" started-at="2021-12-03T09:10:21 IST" name="tearDown" finished-at="2021-12-03T09:10:24 IST" duration-ms="2420" status="PASS">
          <reporter-output>
          </reporter-output>
        </test-method> <!-- tearDown -->
        <test-method is-config="true" signature="setup()[pri:0, instance:com.qa.opencart.test.LoginTest@93081b6]" started-at="2021-12-03T09:10:24 IST" name="setup" finished-at="2021-12-03T09:10:40 IST" duration-ms="16594" status="PASS">
          <reporter-output>
          </reporter-output>
        </test-method> <!-- setup -->
        <test-method signature="verifyForgetPasswordLinkTest()[pri:0, instance:com.qa.opencart.test.LoginTest@93081b6]" started-at="2021-12-03T09:10:40 IST" name="verifyForgetPasswordLinkTest" finished-at="2021-12-03T09:10:43 IST" duration-ms="2445" status="PASS">
          <reporter-output>
          </reporter-output>
        </test-method> <!-- verifyForgetPasswordLinkTest -->
        <test-method is-config="true" signature="tearDown()[pri:0, instance:com.qa.opencart.test.LoginTest@93081b6]" started-at="2021-12-03T09:10:43 IST" name="tearDown" finished-at="2021-12-03T09:10:44 IST" duration-ms="1020" status="PASS">
          <reporter-output>
          </reporter-output>
        </test-method> <!-- tearDown -->
        <test-method is-config="true" signature="setup()[pri:0, instance:com.qa.opencart.test.LoginTest@93081b6]" started-at="2021-12-03T09:10:44 IST" name="setup" finished-at="2021-12-03T09:11:00 IST" duration-ms="16103" status="PASS">
          <reporter-output>
          </reporter-output>
        </test-method> <!-- setup -->
        <test-method signature="verifyTitleTest()[pri:0, instance:com.qa.opencart.test.LoginTest@93081b6]" started-at="2021-12-03T09:11:00 IST" name="verifyTitleTest" finished-at="2021-12-03T09:11:02 IST" duration-ms="1905" status="PASS">
          <reporter-output>
          </reporter-output>
        </test-method> <!-- verifyTitleTest -->
        <test-method is-config="true" signature="tearDown()[pri:0, instance:com.qa.opencart.test.LoginTest@93081b6]" started-at="2021-12-03T09:11:02 IST" name="tearDown" finished-at="2021-12-03T09:11:03 IST" duration-ms="1157" status="PASS">
          <reporter-output>
          </reporter-output>
        </test-method> <!-- tearDown -->
        <test-method is-config="true" signature="setup()[pri:0, instance:com.qa.opencart.test.LoginTest@93081b6]" started-at="2021-12-03T09:11:03 IST" name="setup" finished-at="2021-12-03T09:11:15 IST" duration-ms="12270" status="PASS">
          <reporter-output>
          </reporter-output>
        </test-method> <!-- setup -->
        <test-method signature="verifyUsernameAndPasswordAndLoginAreExistTest()[pri:0, instance:com.qa.opencart.test.LoginTest@93081b6]" started-at="2021-12-03T09:11:15 IST" name="verifyUsernameAndPasswordAndLoginAreExistTest" finished-at="2021-12-03T09:11:17 IST" duration-ms="1547" status="PASS">
          <reporter-output>
          </reporter-output>
        </test-method> <!-- verifyUsernameAndPasswordAndLoginAreExistTest -->
        <test-method is-config="true" signature="tearDown()[pri:0, instance:com.qa.opencart.test.LoginTest@93081b6]" started-at="2021-12-03T09:11:17 IST" name="tearDown" finished-at="2021-12-03T09:11:18 IST" duration-ms="773" status="PASS">
          <reporter-output>
          </reporter-output>
        </test-method> <!-- tearDown -->
      </class> <!-- com.qa.opencart.test.LoginTest -->
    </test> <!-- LoginPage -->
  </suite> <!-- RegressionTestSuite -->
</testng-results>
