<?xml version="1.0" encoding="UTF-8"?>
<!-- Generated by org.testng.reporters.JUnitXMLReporter -->
<testsuite ignored="0" hostname="DESKTOP-E42SMQE" failures="0" tests="3" name="HomePage" time="63.348" errors="0" timestamp="2021-12-03T09:10:53 IST">
  <testcase classname="com.qa.opencart.test.HomePageTest" name="verifyIsSearchBoxExistTest" time="0.477"/>
  <testcase classname="com.qa.opencart.test.HomePageTest" name="verifyIsSearchBtnExistTest" time="0.096"/>
  <testcase classname="com.qa.opencart.test.HomePageTest" name="verifyPageTitleTest" time="0.02"/>
</testsuite> <!-- HomePage -->
