<?xml version="1.0" encoding="UTF-8"?>
<!-- Generated by org.testng.reporters.JUnitXMLReporter -->
<testsuite ignored="0" hostname="DESKTOP-E42SMQE" failures="0" tests="4" name="LoginPage" time="88.063" errors="0" timestamp="2021-12-03T09:11:18 IST">
  <testcase classname="com.qa.opencart.test.LoginTest" name="loginWithValidCredentials" time="7.0"/>
  <testcase classname="com.qa.opencart.test.LoginTest" name="verifyForgetPasswordLinkTest" time="2.445"/>
  <testcase classname="com.qa.opencart.test.LoginTest" name="verifyTitleTest" time="1.905"/>
  <testcase classname="com.qa.opencart.test.LoginTest" name="verifyUsernameAndPasswordAndLoginAreExistTest" time="1.547"/>
</testsuite> <!-- LoginPage -->
