<?xml version="1.0" encoding="UTF-8"?>
<!-- Generated by org.testng.reporters.JUnitXMLReporter -->
<testsuite ignored="0" hostname="DESKTOP-E42SMQE" failures="0" tests="3" name="MyAccountPage" time="162.132" errors="0" timestamp="2021-12-02T23:48:50 IST">
  <testcase classname="com.qa.opencart.test.MyAccountTest" name="verifyMyAccountPageHeader" time="6.464"/>
  <testcase classname="com.qa.opencart.test.MyAccountTest" name="verifyMyordersSection" time="4.846"/>
  <testcase classname="com.qa.opencart.test.MyAccountTest" name="verifyPageTitleTest" time="6.692"/>
</testsuite> <!-- MyAccountPage -->
