<?xml version="1.0" encoding="UTF-8"?>
<!-- Generated by org.testng.reporters.JUnitXMLReporter -->
<testsuite ignored="0" hostname="DESKTOP-E42SMQE" failures="0" tests="3" name="MyAccountTest" time="83.861" errors="0" timestamp="2021-12-03T09:11:13 IST">
  <testcase classname="com.qa.opencart.test.MyAccountTest" name="verifyMyAccountPageHeader" time="6.652"/>
  <testcase classname="com.qa.opencart.test.MyAccountTest" name="verifyMyordersSection" time="7.838"/>
  <testcase classname="com.qa.opencart.test.MyAccountTest" name="verifyPageTitleTest" time="5.593"/>
</testsuite> <!-- MyAccountTest -->
